2017-12-18 04:24:05,502 INFO o.a.j.u.JMeterUtils: Setting Locale to en_US
2017-12-18 04:24:05,514 INFO o.a.j.JMeter: Loading user properties from: /opt/jmeter/apache-jmeter-3.3/bin/user.properties
2017-12-18 04:24:05,515 INFO o.a.j.JMeter: Loading system properties from: /opt/jmeter/apache-jmeter-3.3/bin/system.properties
2017-12-18 04:24:05,520 INFO o.a.j.JMeter: Copyright (c) 1998-2017 The Apache Software Foundation
2017-12-18 04:24:05,520 INFO o.a.j.JMeter: Version 3.3 r1808647
2017-12-18 04:24:05,520 INFO o.a.j.JMeter: java.version=1.8.0_151
2017-12-18 04:24:05,520 INFO o.a.j.JMeter: java.vm.name=OpenJDK 64-Bit Server VM
2017-12-18 04:24:05,520 INFO o.a.j.JMeter: os.name=Linux
2017-12-18 04:24:05,520 INFO o.a.j.JMeter: os.arch=amd64
2017-12-18 04:24:05,520 INFO o.a.j.JMeter: os.version=4.9.0-4-amd64
2017-12-18 04:24:05,520 INFO o.a.j.JMeter: file.encoding=UTF-8
2017-12-18 04:24:05,520 INFO o.a.j.JMeter: Max memory     =536870912
2017-12-18 04:24:05,520 INFO o.a.j.JMeter: Available Processors =2
2017-12-18 04:24:05,525 INFO o.a.j.JMeter: Default Locale=English (United States)
2017-12-18 04:24:05,525 INFO o.a.j.JMeter: JMeter  Locale=English (United States)
2017-12-18 04:24:05,526 INFO o.a.j.JMeter: JMeterHome=/opt/jmeter/apache-jmeter-3.3
2017-12-18 04:24:05,526 INFO o.a.j.JMeter: user.dir  =/opt/Help
2017-12-18 04:24:05,526 INFO o.a.j.JMeter: PWD       =/opt/Help
2017-12-18 04:24:05,526 INFO o.a.j.JMeter: IP: 10.128.0.8 Name: jmeter-1 FullName: jmeter-1.c.first-project-181415.internal
2017-12-18 04:24:05,530 INFO o.a.j.s.FileServer: Default base='/opt/Help'
2017-12-18 04:24:05,530 INFO o.a.j.s.FileServer: Set new base='/opt/Help/scripts'
2017-12-18 04:24:05,676 INFO o.a.j.s.SaveService: Testplan (JMX) version: 2.2. Testlog (JTL) version: 2.2
2017-12-18 04:24:05,688 INFO o.a.j.s.SaveService: Using SaveService properties file encoding UTF-8
2017-12-18 04:24:05,694 INFO o.a.j.s.SaveService: Using SaveService properties version 3.2
2017-12-18 04:24:05,700 INFO o.a.j.s.SaveService: Loading file: /opt/Help/scripts/OrderTestPlan_jmeter1.jmx
2017-12-18 04:24:05,789 INFO o.a.j.p.h.s.HTTPSamplerBase: Parser for text/html is org.apache.jmeter.protocol.http.parser.LagartoBasedHtmlParser
2017-12-18 04:24:05,789 INFO o.a.j.p.h.s.HTTPSamplerBase: Parser for application/xhtml+xml is org.apache.jmeter.protocol.http.parser.LagartoBasedHtmlParser
2017-12-18 04:24:05,789 INFO o.a.j.p.h.s.HTTPSamplerBase: Parser for application/xml is org.apache.jmeter.protocol.http.parser.LagartoBasedHtmlParser
2017-12-18 04:24:05,789 INFO o.a.j.p.h.s.HTTPSamplerBase: Parser for text/xml is org.apache.jmeter.protocol.http.parser.LagartoBasedHtmlParser
2017-12-18 04:24:05,790 INFO o.a.j.p.h.s.HTTPSamplerBase: Parser for text/vnd.wap.wml is org.apache.jmeter.protocol.http.parser.RegexpHTMLParser
2017-12-18 04:24:05,790 INFO o.a.j.p.h.s.HTTPSamplerBase: Parser for text/css is org.apache.jmeter.protocol.http.parser.CssParser
2017-12-18 04:24:05,827 INFO o.a.j.JMeter: Creating summariser <summary>
2017-12-18 04:24:05,834 INFO o.a.j.e.StandardJMeterEngine: Running the test!
2017-12-18 04:24:05,834 INFO o.a.j.s.SampleEvent: List of sample_variables: []
2017-12-18 04:24:05,834 INFO o.a.j.s.SampleEvent: List of sample_variables: []
2017-12-18 04:24:05,839 INFO o.a.j.e.u.CompoundVariable: Note: Function class names must contain the string: '.functions.'
2017-12-18 04:24:05,839 INFO o.a.j.e.u.CompoundVariable: Note: Function class names must not contain the string: '.gui.'
2017-12-18 04:24:06,316 INFO o.a.j.JMeter: Running test (1513571046316)
2017-12-18 04:24:06,356 INFO o.a.j.e.StandardJMeterEngine: Starting ThreadGroup: 1 : getOrderThrdGrp
2017-12-18 04:24:06,357 INFO o.a.j.e.StandardJMeterEngine: Starting 20 threads for group getOrderThrdGrp.
2017-12-18 04:24:06,357 INFO o.a.j.e.StandardJMeterEngine: Thread will continue on error
2017-12-18 04:24:06,357 INFO o.a.j.t.ThreadGroup: Starting thread group... number=1 threads=20 ramp-up=300 perThread=15000.0 delayedStart=false
2017-12-18 04:24:06,377 INFO o.a.j.t.JMeterThread: Thread started: getOrderThrdGrp 1-1
2017-12-18 04:24:06,422 INFO o.a.j.p.h.s.HTTPHCAbstractImpl: Local host = jmeter-1
2017-12-18 04:24:06,430 INFO o.a.j.p.h.s.HTTPHC4Impl: HTTP request retry count = 0
2017-12-18 04:24:06,442 INFO o.a.j.s.SampleResult: Note: Sample TimeStamps are START times
2017-12-18 04:24:06,442 INFO o.a.j.s.SampleResult: sampleresult.default.encoding is set to ISO-8859-1
2017-12-18 04:24:06,442 INFO o.a.j.s.SampleResult: sampleresult.useNanoTime=true
2017-12-18 04:24:06,442 INFO o.a.j.s.SampleResult: sampleresult.nanoThreadSleep=5000
2017-12-18 04:24:06,647 INFO o.a.j.t.ThreadGroup: Started thread group number 1
2017-12-18 04:24:06,648 INFO o.a.j.e.StandardJMeterEngine: Starting ThreadGroup: 2 : createOrderThrdGrp
2017-12-18 04:24:06,648 INFO o.a.j.e.StandardJMeterEngine: Starting 8 threads for group createOrderThrdGrp.
2017-12-18 04:24:06,648 INFO o.a.j.e.StandardJMeterEngine: Thread will continue on error
2017-12-18 04:24:06,648 INFO o.a.j.t.ThreadGroup: Starting thread group... number=2 threads=8 ramp-up=300 perThread=37500.0 delayedStart=false
2017-12-18 04:24:06,671 INFO o.a.j.t.JMeterThread: Thread started: createOrderThrdGrp 2-1
2017-12-18 04:24:06,815 INFO o.a.j.t.ThreadGroup: Started thread group number 2
2017-12-18 04:24:06,815 INFO o.a.j.e.StandardJMeterEngine: All thread groups have been started
2017-12-18 04:24:10,354 INFO o.a.j.t.JMeterThread: Thread is done: createOrderThrdGrp 2-1
2017-12-18 04:24:10,355 INFO o.a.j.t.JMeterThread: Thread finished: createOrderThrdGrp 2-1
2017-12-18 04:24:10,382 INFO o.a.j.t.JMeterThread: Thread is done: getOrderThrdGrp 1-1
2017-12-18 04:24:10,382 INFO o.a.j.t.JMeterThread: Thread finished: getOrderThrdGrp 1-1
2017-12-18 04:24:21,383 INFO o.a.j.t.JMeterThread: Thread started: getOrderThrdGrp 1-2
2017-12-18 04:24:23,747 INFO o.a.j.t.JMeterThread: Thread is done: getOrderThrdGrp 1-2
2017-12-18 04:24:23,747 INFO o.a.j.t.JMeterThread: Thread finished: getOrderThrdGrp 1-2
2017-12-18 04:24:36,404 INFO o.a.j.t.JMeterThread: Thread started: getOrderThrdGrp 1-3
2017-12-18 04:24:38,701 INFO o.a.j.t.JMeterThread: Thread is done: getOrderThrdGrp 1-3
2017-12-18 04:24:38,701 INFO o.a.j.t.JMeterThread: Thread finished: getOrderThrdGrp 1-3
2017-12-18 04:24:44,194 INFO o.a.j.t.JMeterThread: Thread started: createOrderThrdGrp 2-2
2017-12-18 04:24:45,934 INFO o.a.j.t.JMeterThread: Thread is done: createOrderThrdGrp 2-2
2017-12-18 04:24:45,934 INFO o.a.j.t.JMeterThread: Thread finished: createOrderThrdGrp 2-2
2017-12-18 04:24:51,410 INFO o.a.j.t.JMeterThread: Thread started: getOrderThrdGrp 1-4
2017-12-18 04:24:53,278 INFO o.a.j.t.JMeterThread: Thread is done: getOrderThrdGrp 1-4
2017-12-18 04:24:53,278 INFO o.a.j.t.JMeterThread: Thread finished: getOrderThrdGrp 1-4
2017-12-18 04:25:06,434 INFO o.a.j.t.JMeterThread: Thread started: getOrderThrdGrp 1-5
2017-12-18 04:25:08,194 INFO o.a.j.t.JMeterThread: Thread is done: getOrderThrdGrp 1-5
2017-12-18 04:25:08,194 INFO o.a.j.t.JMeterThread: Thread finished: getOrderThrdGrp 1-5
2017-12-18 04:25:21,457 INFO o.a.j.t.JMeterThread: Thread started: getOrderThrdGrp 1-6
2017-12-18 04:25:21,705 INFO o.a.j.t.JMeterThread: Thread started: createOrderThrdGrp 2-3
2017-12-18 04:25:23,090 INFO o.a.j.t.JMeterThread: Thread is done: getOrderThrdGrp 1-6
2017-12-18 04:25:23,090 INFO o.a.j.t.JMeterThread: Thread finished: getOrderThrdGrp 1-6
2017-12-18 04:25:23,218 INFO o.a.j.t.JMeterThread: Thread is done: createOrderThrdGrp 2-3
2017-12-18 04:25:23,218 INFO o.a.j.t.JMeterThread: Thread finished: createOrderThrdGrp 2-3
2017-12-18 04:25:36,465 INFO o.a.j.t.JMeterThread: Thread started: getOrderThrdGrp 1-7
2017-12-18 04:25:37,933 INFO o.a.j.t.JMeterThread: Thread is done: getOrderThrdGrp 1-7
2017-12-18 04:25:37,933 INFO o.a.j.t.JMeterThread: Thread finished: getOrderThrdGrp 1-7
2017-12-18 04:25:51,481 INFO o.a.j.t.JMeterThread: Thread started: getOrderThrdGrp 1-8
2017-12-18 04:25:52,965 INFO o.a.j.t.JMeterThread: Thread is done: getOrderThrdGrp 1-8
2017-12-18 04:25:52,965 INFO o.a.j.t.JMeterThread: Thread finished: getOrderThrdGrp 1-8
2017-12-18 04:25:59,226 INFO o.a.j.t.JMeterThread: Thread started: createOrderThrdGrp 2-4
2017-12-18 04:26:00,003 INFO o.a.j.r.Summariser: summary +   8722 in 00:01:54 =   76.7/s Avg:     2 Min:     1 Max:   112 Err:     1 (0.01%) Active: 1 Started: 12 Finished: 11
2017-12-18 04:26:00,464 INFO o.a.j.t.JMeterThread: Thread is done: createOrderThrdGrp 2-4
2017-12-18 04:26:00,464 INFO o.a.j.t.JMeterThread: Thread finished: createOrderThrdGrp 2-4
2017-12-18 04:26:06,495 INFO o.a.j.t.JMeterThread: Thread started: getOrderThrdGrp 1-9
2017-12-18 04:26:07,984 INFO o.a.j.t.JMeterThread: Thread is done: getOrderThrdGrp 1-9
2017-12-18 04:26:07,984 INFO o.a.j.t.JMeterThread: Thread finished: getOrderThrdGrp 1-9
2017-12-18 04:26:21,531 INFO o.a.j.t.JMeterThread: Thread started: getOrderThrdGrp 1-10
2017-12-18 04:26:22,735 INFO o.a.j.t.JMeterThread: Thread is done: getOrderThrdGrp 1-10
2017-12-18 04:26:22,735 INFO o.a.j.t.JMeterThread: Thread finished: getOrderThrdGrp 1-10
2017-12-18 04:26:36,543 INFO o.a.j.t.JMeterThread: Thread started: getOrderThrdGrp 1-11
2017-12-18 04:26:36,727 INFO o.a.j.t.JMeterThread: Thread started: createOrderThrdGrp 2-5
2017-12-18 04:26:37,863 INFO o.a.j.t.JMeterThread: Thread is done: getOrderThrdGrp 1-11
2017-12-18 04:26:37,863 INFO o.a.j.t.JMeterThread: Thread finished: getOrderThrdGrp 1-11
2017-12-18 04:26:38,029 INFO o.a.j.t.JMeterThread: Thread is done: createOrderThrdGrp 2-5
2017-12-18 04:26:38,029 INFO o.a.j.t.JMeterThread: Thread finished: createOrderThrdGrp 2-5
2017-12-18 04:26:51,563 INFO o.a.j.t.JMeterThread: Thread started: getOrderThrdGrp 1-12
2017-12-18 04:26:53,260 INFO o.a.j.t.JMeterThread: Thread is done: getOrderThrdGrp 1-12
2017-12-18 04:26:53,260 INFO o.a.j.t.JMeterThread: Thread finished: getOrderThrdGrp 1-12
2017-12-18 04:27:06,581 INFO o.a.j.t.JMeterThread: Thread started: getOrderThrdGrp 1-13
2017-12-18 04:27:07,722 INFO o.a.j.t.JMeterThread: Thread is done: getOrderThrdGrp 1-13
2017-12-18 04:27:07,722 INFO o.a.j.t.JMeterThread: Thread finished: getOrderThrdGrp 1-13
2017-12-18 04:27:14,276 INFO o.a.j.t.JMeterThread: Thread started: createOrderThrdGrp 2-6
2017-12-18 04:27:15,472 INFO o.a.j.t.JMeterThread: Thread is done: createOrderThrdGrp 2-6
2017-12-18 04:27:15,472 INFO o.a.j.t.JMeterThread: Thread finished: createOrderThrdGrp 2-6
2017-12-18 04:27:21,592 INFO o.a.j.t.JMeterThread: Thread started: getOrderThrdGrp 1-14
2017-12-18 04:27:22,831 INFO o.a.j.t.JMeterThread: Thread is done: getOrderThrdGrp 1-14
2017-12-18 04:27:22,831 INFO o.a.j.t.JMeterThread: Thread finished: getOrderThrdGrp 1-14
2017-12-18 04:27:36,592 INFO o.a.j.t.JMeterThread: Thread started: getOrderThrdGrp 1-15
2017-12-18 04:27:37,810 INFO o.a.j.t.JMeterThread: Thread is done: getOrderThrdGrp 1-15
2017-12-18 04:27:37,810 INFO o.a.j.t.JMeterThread: Thread finished: getOrderThrdGrp 1-15
2017-12-18 04:27:51,607 INFO o.a.j.t.JMeterThread: Thread started: getOrderThrdGrp 1-16
2017-12-18 04:27:51,796 INFO o.a.j.t.JMeterThread: Thread started: createOrderThrdGrp 2-7
2017-12-18 04:27:53,202 INFO o.a.j.t.JMeterThread: Thread is done: getOrderThrdGrp 1-16
2017-12-18 04:27:53,202 INFO o.a.j.t.JMeterThread: Thread finished: getOrderThrdGrp 1-16
2017-12-18 04:27:53,347 INFO o.a.j.t.JMeterThread: Thread is done: createOrderThrdGrp 2-7
2017-12-18 04:27:53,347 INFO o.a.j.t.JMeterThread: Thread finished: createOrderThrdGrp 2-7
2017-12-18 04:28:06,621 INFO o.a.j.t.JMeterThread: Thread started: getOrderThrdGrp 1-17
2017-12-18 04:28:07,688 INFO o.a.j.t.JMeterThread: Thread is done: getOrderThrdGrp 1-17
2017-12-18 04:28:07,691 INFO o.a.j.t.JMeterThread: Thread finished: getOrderThrdGrp 1-17
2017-12-18 04:28:21,633 INFO o.a.j.t.JMeterThread: Thread started: getOrderThrdGrp 1-18
2017-12-18 04:28:22,668 INFO o.a.j.t.JMeterThread: Thread is done: getOrderThrdGrp 1-18
2017-12-18 04:28:22,668 INFO o.a.j.t.JMeterThread: Thread finished: getOrderThrdGrp 1-18
2017-12-18 04:28:29,315 INFO o.a.j.t.JMeterThread: Thread started: createOrderThrdGrp 2-8
2017-12-18 04:28:30,001 INFO o.a.j.r.Summariser: summary +  10510 in 00:02:30 =   70.1/s Avg:     1 Min:     0 Max:   535 Err:     0 (0.00%) Active: 1 Started: 26 Finished: 25
2017-12-18 04:28:30,002 INFO o.a.j.r.Summariser: summary =  19232 in 00:04:24 =   72.9/s Avg:     1 Min:     0 Max:   535 Err:     1 (0.01%)
2017-12-18 04:28:30,347 INFO o.a.j.t.JMeterThread: Thread is done: createOrderThrdGrp 2-8
2017-12-18 04:28:30,348 INFO o.a.j.t.JMeterThread: Thread finished: createOrderThrdGrp 2-8
2017-12-18 04:28:36,635 INFO o.a.j.t.JMeterThread: Thread started: getOrderThrdGrp 1-19
2017-12-18 04:28:37,635 INFO o.a.j.t.JMeterThread: Thread is done: getOrderThrdGrp 1-19
2017-12-18 04:28:37,635 INFO o.a.j.t.JMeterThread: Thread finished: getOrderThrdGrp 1-19
2017-12-18 04:28:51,666 INFO o.a.j.t.JMeterThread: Thread started: getOrderThrdGrp 1-20
2017-12-18 04:28:52,722 INFO o.a.j.t.JMeterThread: Thread is done: getOrderThrdGrp 1-20
2017-12-18 04:28:52,723 INFO o.a.j.t.JMeterThread: Thread finished: getOrderThrdGrp 1-20
2017-12-18 04:28:52,723 INFO o.a.j.e.StandardJMeterEngine: Notifying test listeners of end of test
2017-12-18 04:28:52,724 INFO o.a.j.r.Summariser: summary +   1768 in 00:00:23 =   77.8/s Avg:     1 Min:     0 Max:    11 Err:     0 (0.00%) Active: 0 Started: 28 Finished: 28
2017-12-18 04:28:52,724 INFO o.a.j.r.Summariser: summary =  21000 in 00:04:46 =   73.3/s Avg:     1 Min:     0 Max:   535 Err:     1 (0.00%)
