2017-12-18 05:33:47,919 INFO o.a.j.u.JMeterUtils: Setting Locale to en_US
2017-12-18 05:33:47,932 INFO o.a.j.JMeter: Loading user properties from: /opt/jmeter/apache-jmeter-3.3/bin/user.properties
2017-12-18 05:33:47,932 INFO o.a.j.JMeter: Loading system properties from: /opt/jmeter/apache-jmeter-3.3/bin/system.properties
2017-12-18 05:33:47,937 INFO o.a.j.JMeter: Copyright (c) 1998-2017 The Apache Software Foundation
2017-12-18 05:33:47,938 INFO o.a.j.JMeter: Version 3.3 r1808647
2017-12-18 05:33:47,938 INFO o.a.j.JMeter: java.version=1.8.0_151
2017-12-18 05:33:47,938 INFO o.a.j.JMeter: java.vm.name=OpenJDK 64-Bit Server VM
2017-12-18 05:33:47,938 INFO o.a.j.JMeter: os.name=Linux
2017-12-18 05:33:47,938 INFO o.a.j.JMeter: os.arch=amd64
2017-12-18 05:33:47,938 INFO o.a.j.JMeter: os.version=4.9.0-4-amd64
2017-12-18 05:33:47,938 INFO o.a.j.JMeter: file.encoding=UTF-8
2017-12-18 05:33:47,938 INFO o.a.j.JMeter: Max memory     =536870912
2017-12-18 05:33:47,938 INFO o.a.j.JMeter: Available Processors =2
2017-12-18 05:33:47,943 INFO o.a.j.JMeter: Default Locale=English (United States)
2017-12-18 05:33:47,943 INFO o.a.j.JMeter: JMeter  Locale=English (United States)
2017-12-18 05:33:47,943 INFO o.a.j.JMeter: JMeterHome=/opt/jmeter/apache-jmeter-3.3
2017-12-18 05:33:47,944 INFO o.a.j.JMeter: user.dir  =/opt/jmeter
2017-12-18 05:33:47,944 INFO o.a.j.JMeter: PWD       =/opt/jmeter
2017-12-18 05:33:47,944 INFO o.a.j.JMeter: IP: 10.128.0.9 Name: jmeter-2 FullName: jmeter-2.c.first-project-181415.internal
2017-12-18 05:33:47,948 INFO o.a.j.s.FileServer: Default base='/opt/jmeter'
2017-12-18 05:33:47,948 INFO o.a.j.s.FileServer: Set new base='/opt/Help/scripts'
2017-12-18 05:33:48,099 INFO o.a.j.s.SaveService: Testplan (JMX) version: 2.2. Testlog (JTL) version: 2.2
2017-12-18 05:33:48,112 INFO o.a.j.s.SaveService: Using SaveService properties file encoding UTF-8
2017-12-18 05:33:48,117 INFO o.a.j.s.SaveService: Using SaveService properties version 3.2
2017-12-18 05:33:48,124 INFO o.a.j.s.SaveService: Loading file: /opt/Help/scripts/OrderTestPlan_jmeter2.jmx
2017-12-18 05:33:48,217 INFO o.a.j.p.h.s.HTTPSamplerBase: Parser for text/html is org.apache.jmeter.protocol.http.parser.LagartoBasedHtmlParser
2017-12-18 05:33:48,218 INFO o.a.j.p.h.s.HTTPSamplerBase: Parser for application/xhtml+xml is org.apache.jmeter.protocol.http.parser.LagartoBasedHtmlParser
2017-12-18 05:33:48,218 INFO o.a.j.p.h.s.HTTPSamplerBase: Parser for application/xml is org.apache.jmeter.protocol.http.parser.LagartoBasedHtmlParser
2017-12-18 05:33:48,218 INFO o.a.j.p.h.s.HTTPSamplerBase: Parser for text/xml is org.apache.jmeter.protocol.http.parser.LagartoBasedHtmlParser
2017-12-18 05:33:48,218 INFO o.a.j.p.h.s.HTTPSamplerBase: Parser for text/vnd.wap.wml is org.apache.jmeter.protocol.http.parser.RegexpHTMLParser
2017-12-18 05:33:48,218 INFO o.a.j.p.h.s.HTTPSamplerBase: Parser for text/css is org.apache.jmeter.protocol.http.parser.CssParser
2017-12-18 05:33:48,259 INFO o.a.j.JMeter: Creating summariser <summary>
2017-12-18 05:33:48,272 INFO o.a.j.e.StandardJMeterEngine: Running the test!
2017-12-18 05:33:48,273 INFO o.a.j.s.SampleEvent: List of sample_variables: []
2017-12-18 05:33:48,273 INFO o.a.j.s.SampleEvent: List of sample_variables: []
2017-12-18 05:33:48,277 INFO o.a.j.e.u.CompoundVariable: Note: Function class names must contain the string: '.functions.'
2017-12-18 05:33:48,277 INFO o.a.j.e.u.CompoundVariable: Note: Function class names must not contain the string: '.gui.'
2017-12-18 05:33:48,680 INFO o.a.j.JMeter: Running test (1513575228680)
2017-12-18 05:33:48,725 INFO o.a.j.e.StandardJMeterEngine: Starting ThreadGroup: 1 : getOrderThrdGrp
2017-12-18 05:33:48,725 INFO o.a.j.e.StandardJMeterEngine: Starting 20 threads for group getOrderThrdGrp.
2017-12-18 05:33:48,725 INFO o.a.j.e.StandardJMeterEngine: Thread will continue on error
2017-12-18 05:33:48,726 INFO o.a.j.t.ThreadGroup: Starting thread group... number=1 threads=20 ramp-up=300 perThread=15000.0 delayedStart=false
2017-12-18 05:33:48,742 INFO o.a.j.t.JMeterThread: Thread started: getOrderThrdGrp 1-1
2017-12-18 05:33:48,802 INFO o.a.j.p.h.s.HTTPHCAbstractImpl: Local host = jmeter-2
2017-12-18 05:33:48,813 INFO o.a.j.p.h.s.HTTPHC4Impl: HTTP request retry count = 0
2017-12-18 05:33:48,827 INFO o.a.j.s.SampleResult: Note: Sample TimeStamps are START times
2017-12-18 05:33:48,828 INFO o.a.j.s.SampleResult: sampleresult.default.encoding is set to ISO-8859-1
2017-12-18 05:33:48,828 INFO o.a.j.s.SampleResult: sampleresult.useNanoTime=true
2017-12-18 05:33:48,828 INFO o.a.j.s.SampleResult: sampleresult.nanoThreadSleep=5000
2017-12-18 05:33:49,009 INFO o.a.j.t.ThreadGroup: Started thread group number 1
2017-12-18 05:33:49,009 INFO o.a.j.e.StandardJMeterEngine: Starting ThreadGroup: 2 : createOrderThrdGrp
2017-12-18 05:33:49,009 INFO o.a.j.e.StandardJMeterEngine: Starting 8 threads for group createOrderThrdGrp.
2017-12-18 05:33:49,009 INFO o.a.j.e.StandardJMeterEngine: Thread will continue on error
2017-12-18 05:33:49,009 INFO o.a.j.t.ThreadGroup: Starting thread group... number=2 threads=8 ramp-up=300 perThread=37500.0 delayedStart=false
2017-12-18 05:33:49,026 INFO o.a.j.t.JMeterThread: Thread started: createOrderThrdGrp 2-1
2017-12-18 05:33:49,180 INFO o.a.j.t.ThreadGroup: Started thread group number 2
2017-12-18 05:33:49,180 INFO o.a.j.e.StandardJMeterEngine: All thread groups have been started
2017-12-18 05:33:52,319 INFO o.a.j.t.JMeterThread: Thread is done: getOrderThrdGrp 1-1
2017-12-18 05:33:52,320 INFO o.a.j.t.JMeterThread: Thread finished: getOrderThrdGrp 1-1
2017-12-18 05:33:52,482 INFO o.a.j.t.JMeterThread: Thread is done: createOrderThrdGrp 2-1
2017-12-18 05:33:52,482 INFO o.a.j.t.JMeterThread: Thread finished: createOrderThrdGrp 2-1
2017-12-18 05:34:03,755 INFO o.a.j.t.JMeterThread: Thread started: getOrderThrdGrp 1-2
2017-12-18 05:34:03,766 INFO o.a.j.r.Summariser: summary +   1501 in 00:00:15 =   99.5/s Avg:     3 Min:     2 Max:   151 Err:     0 (0.00%) Active: 1 Started: 3 Finished: 2
2017-12-18 05:34:06,072 INFO o.a.j.t.JMeterThread: Thread is done: getOrderThrdGrp 1-2
2017-12-18 05:34:06,072 INFO o.a.j.t.JMeterThread: Thread finished: getOrderThrdGrp 1-2
2017-12-18 05:34:18,789 INFO o.a.j.t.JMeterThread: Thread started: getOrderThrdGrp 1-3
2017-12-18 05:34:21,031 INFO o.a.j.t.JMeterThread: Thread is done: getOrderThrdGrp 1-3
2017-12-18 05:34:21,032 INFO o.a.j.t.JMeterThread: Thread finished: getOrderThrdGrp 1-3
2017-12-18 05:34:26,539 INFO o.a.j.t.JMeterThread: Thread started: createOrderThrdGrp 2-2
2017-12-18 05:34:28,605 INFO o.a.j.t.JMeterThread: Thread is done: createOrderThrdGrp 2-2
2017-12-18 05:34:28,605 INFO o.a.j.t.JMeterThread: Thread finished: createOrderThrdGrp 2-2
2017-12-18 05:34:33,791 INFO o.a.j.t.JMeterThread: Thread started: getOrderThrdGrp 1-4
2017-12-18 05:34:33,798 INFO o.a.j.r.Summariser: summary +   2250 in 00:00:30 =   74.9/s Avg:     2 Min:     1 Max:    11 Err:     0 (0.00%) Active: 1 Started: 6 Finished: 5
2017-12-18 05:34:33,799 INFO o.a.j.r.Summariser: summary =   3751 in 00:00:45 =   83.1/s Avg:     3 Min:     1 Max:   151 Err:     0 (0.00%)
2017-12-18 05:34:35,952 INFO o.a.j.t.JMeterThread: Thread is done: getOrderThrdGrp 1-4
2017-12-18 05:34:35,952 INFO o.a.j.t.JMeterThread: Thread finished: getOrderThrdGrp 1-4
2017-12-18 05:34:48,805 INFO o.a.j.t.JMeterThread: Thread started: getOrderThrdGrp 1-5
2017-12-18 05:34:50,833 INFO o.a.j.t.JMeterThread: Thread is done: getOrderThrdGrp 1-5
2017-12-18 05:34:50,833 INFO o.a.j.t.JMeterThread: Thread finished: getOrderThrdGrp 1-5
2017-12-18 05:35:03,824 INFO o.a.j.t.JMeterThread: Thread started: getOrderThrdGrp 1-6
2017-12-18 05:35:03,832 INFO o.a.j.r.Summariser: summary +   1500 in 00:00:30 =   49.9/s Avg:     2 Min:     1 Max:    20 Err:     0 (0.00%) Active: 1 Started: 8 Finished: 7
2017-12-18 05:35:03,832 INFO o.a.j.r.Summariser: summary =   5251 in 00:01:15 =   69.9/s Avg:     2 Min:     1 Max:   151 Err:     0 (0.00%)
2017-12-18 05:35:04,058 INFO o.a.j.t.JMeterThread: Thread started: createOrderThrdGrp 2-3
2017-12-18 05:35:05,372 INFO o.a.j.t.JMeterThread: Thread is done: getOrderThrdGrp 1-6
2017-12-18 05:35:05,372 INFO o.a.j.t.JMeterThread: Thread finished: getOrderThrdGrp 1-6
2017-12-18 05:35:05,602 INFO o.a.j.t.JMeterThread: Thread is done: createOrderThrdGrp 2-3
2017-12-18 05:35:05,602 INFO o.a.j.t.JMeterThread: Thread finished: createOrderThrdGrp 2-3
2017-12-18 05:35:18,850 INFO o.a.j.t.JMeterThread: Thread started: getOrderThrdGrp 1-7
2017-12-18 05:35:20,476 INFO o.a.j.t.JMeterThread: Thread is done: getOrderThrdGrp 1-7
2017-12-18 05:35:20,476 INFO o.a.j.t.JMeterThread: Thread finished: getOrderThrdGrp 1-7
2017-12-18 05:35:33,853 INFO o.a.j.t.JMeterThread: Thread started: getOrderThrdGrp 1-8
2017-12-18 05:35:33,861 INFO o.a.j.r.Summariser: summary +   2250 in 00:00:30 =   74.9/s Avg:     1 Min:     1 Max:    16 Err:     0 (0.00%) Active: 1 Started: 11 Finished: 10
2017-12-18 05:35:33,862 INFO o.a.j.r.Summariser: summary =   7501 in 00:01:45 =   71.3/s Avg:     2 Min:     1 Max:   151 Err:     0 (0.00%)
2017-12-18 05:35:35,528 INFO o.a.j.t.JMeterThread: Thread is done: getOrderThrdGrp 1-8
2017-12-18 05:35:35,528 INFO o.a.j.t.JMeterThread: Thread finished: getOrderThrdGrp 1-8
2017-12-18 05:35:41,580 INFO o.a.j.t.JMeterThread: Thread started: createOrderThrdGrp 2-4
2017-12-18 05:35:43,086 INFO o.a.j.t.JMeterThread: Thread is done: createOrderThrdGrp 2-4
2017-12-18 05:35:43,086 INFO o.a.j.t.JMeterThread: Thread finished: createOrderThrdGrp 2-4
2017-12-18 05:35:48,866 INFO o.a.j.t.JMeterThread: Thread started: getOrderThrdGrp 1-9
2017-12-18 05:35:50,519 INFO o.a.j.t.JMeterThread: Thread is done: getOrderThrdGrp 1-9
2017-12-18 05:35:50,520 INFO o.a.j.t.JMeterThread: Thread finished: getOrderThrdGrp 1-9
2017-12-18 05:36:03,878 INFO o.a.j.t.JMeterThread: Thread started: getOrderThrdGrp 1-10
2017-12-18 05:36:03,886 INFO o.a.j.r.Summariser: summary +   2250 in 00:00:30 =   74.9/s Avg:     1 Min:     1 Max:    12 Err:     0 (0.00%) Active: 1 Started: 14 Finished: 13
2017-12-18 05:36:03,886 INFO o.a.j.r.Summariser: summary =   9751 in 00:02:15 =   72.1/s Avg:     2 Min:     1 Max:   151 Err:     0 (0.00%)
2017-12-18 05:36:05,791 INFO o.a.j.t.JMeterThread: Thread is done: getOrderThrdGrp 1-10
2017-12-18 05:36:05,791 INFO o.a.j.t.JMeterThread: Thread finished: getOrderThrdGrp 1-10
2017-12-18 05:36:18,894 INFO o.a.j.t.JMeterThread: Thread started: getOrderThrdGrp 1-11
2017-12-18 05:36:19,094 INFO o.a.j.t.JMeterThread: Thread started: createOrderThrdGrp 2-5
2017-12-18 05:36:20,482 INFO o.a.j.t.JMeterThread: Thread is done: getOrderThrdGrp 1-11
2017-12-18 05:36:20,482 INFO o.a.j.t.JMeterThread: Thread finished: getOrderThrdGrp 1-11
2017-12-18 05:36:20,591 INFO o.a.j.t.JMeterThread: Thread is done: createOrderThrdGrp 2-5
2017-12-18 05:36:20,591 INFO o.a.j.t.JMeterThread: Thread finished: createOrderThrdGrp 2-5
2017-12-18 05:36:33,909 INFO o.a.j.t.JMeterThread: Thread started: getOrderThrdGrp 1-12
2017-12-18 05:36:33,918 INFO o.a.j.r.Summariser: summary +   2250 in 00:00:30 =   74.9/s Avg:     1 Min:     1 Max:    11 Err:     0 (0.00%) Active: 1 Started: 17 Finished: 16
2017-12-18 05:36:33,921 INFO o.a.j.r.Summariser: summary =  12001 in 00:02:45 =   72.6/s Avg:     2 Min:     1 Max:   151 Err:     0 (0.00%)
2017-12-18 05:36:35,670 INFO o.a.j.t.JMeterThread: Thread is done: getOrderThrdGrp 1-12
2017-12-18 05:36:35,670 INFO o.a.j.t.JMeterThread: Thread finished: getOrderThrdGrp 1-12
2017-12-18 05:36:48,921 INFO o.a.j.t.JMeterThread: Thread started: getOrderThrdGrp 1-13
2017-12-18 05:36:50,732 INFO o.a.j.t.JMeterThread: Thread is done: getOrderThrdGrp 1-13
2017-12-18 05:36:50,733 INFO o.a.j.t.JMeterThread: Thread finished: getOrderThrdGrp 1-13
2017-12-18 05:36:56,640 INFO o.a.j.t.JMeterThread: Thread started: createOrderThrdGrp 2-6
2017-12-18 05:36:58,317 INFO o.a.j.t.JMeterThread: Thread is done: createOrderThrdGrp 2-6
2017-12-18 05:36:58,317 INFO o.a.j.t.JMeterThread: Thread finished: createOrderThrdGrp 2-6
2017-12-18 05:37:03,941 INFO o.a.j.t.JMeterThread: Thread started: getOrderThrdGrp 1-14
2017-12-18 05:37:03,949 INFO o.a.j.r.Summariser: summary +   2250 in 00:00:30 =   74.9/s Avg:     2 Min:     1 Max:    30 Err:     0 (0.00%) Active: 1 Started: 20 Finished: 19
2017-12-18 05:37:03,950 INFO o.a.j.r.Summariser: summary =  14251 in 00:03:15 =   73.0/s Avg:     2 Min:     1 Max:   151 Err:     0 (0.00%)
2017-12-18 05:37:05,691 INFO o.a.j.t.JMeterThread: Thread is done: getOrderThrdGrp 1-14
2017-12-18 05:37:05,691 INFO o.a.j.t.JMeterThread: Thread finished: getOrderThrdGrp 1-14
2017-12-18 05:37:18,954 INFO o.a.j.t.JMeterThread: Thread started: getOrderThrdGrp 1-15
2017-12-18 05:37:20,790 INFO o.a.j.t.JMeterThread: Thread is done: getOrderThrdGrp 1-15
2017-12-18 05:37:20,790 INFO o.a.j.t.JMeterThread: Thread finished: getOrderThrdGrp 1-15
2017-12-18 05:37:33,962 INFO o.a.j.t.JMeterThread: Thread started: getOrderThrdGrp 1-16
2017-12-18 05:37:33,969 INFO o.a.j.r.Summariser: summary +   1500 in 00:00:30 =   50.0/s Avg:     2 Min:     1 Max:    20 Err:     0 (0.00%) Active: 1 Started: 22 Finished: 21
2017-12-18 05:37:33,970 INFO o.a.j.r.Summariser: summary =  15751 in 00:03:45 =   69.9/s Avg:     2 Min:     1 Max:   151 Err:     0 (0.00%)
2017-12-18 05:37:34,170 INFO o.a.j.t.JMeterThread: Thread started: createOrderThrdGrp 2-7
2017-12-18 05:37:35,495 INFO o.a.j.t.JMeterThread: Thread is done: getOrderThrdGrp 1-16
2017-12-18 05:37:35,496 INFO o.a.j.t.JMeterThread: Thread finished: getOrderThrdGrp 1-16
2017-12-18 05:37:35,632 INFO o.a.j.t.JMeterThread: Thread is done: createOrderThrdGrp 2-7
2017-12-18 05:37:35,632 INFO o.a.j.t.JMeterThread: Thread finished: createOrderThrdGrp 2-7
2017-12-18 05:37:48,973 INFO o.a.j.t.JMeterThread: Thread started: getOrderThrdGrp 1-17
2017-12-18 05:37:50,596 INFO o.a.j.t.JMeterThread: Thread is done: getOrderThrdGrp 1-17
2017-12-18 05:37:50,597 INFO o.a.j.t.JMeterThread: Thread finished: getOrderThrdGrp 1-17
2017-12-18 05:38:03,986 INFO o.a.j.t.JMeterThread: Thread started: getOrderThrdGrp 1-18
2017-12-18 05:38:03,994 INFO o.a.j.r.Summariser: summary +   2250 in 00:00:30 =   74.9/s Avg:     1 Min:     1 Max:     9 Err:     0 (0.00%) Active: 1 Started: 25 Finished: 24
2017-12-18 05:38:03,994 INFO o.a.j.r.Summariser: summary =  18001 in 00:04:15 =   70.5/s Avg:     2 Min:     1 Max:   151 Err:     0 (0.00%)
2017-12-18 05:38:05,729 INFO o.a.j.t.JMeterThread: Thread is done: getOrderThrdGrp 1-18
2017-12-18 05:38:05,729 INFO o.a.j.t.JMeterThread: Thread finished: getOrderThrdGrp 1-18
2017-12-18 05:38:11,681 INFO o.a.j.t.JMeterThread: Thread started: createOrderThrdGrp 2-8
2017-12-18 05:38:13,332 INFO o.a.j.t.JMeterThread: Thread is done: createOrderThrdGrp 2-8
2017-12-18 05:38:13,332 INFO o.a.j.t.JMeterThread: Thread finished: createOrderThrdGrp 2-8
2017-12-18 05:38:18,999 INFO o.a.j.t.JMeterThread: Thread started: getOrderThrdGrp 1-19
2017-12-18 05:38:20,734 INFO o.a.j.t.JMeterThread: Thread is done: getOrderThrdGrp 1-19
2017-12-18 05:38:20,734 INFO o.a.j.t.JMeterThread: Thread finished: getOrderThrdGrp 1-19
2017-12-18 05:38:34,009 INFO o.a.j.t.JMeterThread: Thread started: getOrderThrdGrp 1-20
2017-12-18 05:38:34,018 INFO o.a.j.r.Summariser: summary +   2250 in 00:00:30 =   74.9/s Avg:     2 Min:     1 Max:    16 Err:     0 (0.00%) Active: 1 Started: 28 Finished: 27
2017-12-18 05:38:34,018 INFO o.a.j.r.Summariser: summary =  20251 in 00:04:45 =   71.0/s Avg:     2 Min:     1 Max:   151 Err:     0 (0.00%)
2017-12-18 05:38:35,818 INFO o.a.j.t.JMeterThread: Thread is done: getOrderThrdGrp 1-20
2017-12-18 05:38:35,818 INFO o.a.j.t.JMeterThread: Thread finished: getOrderThrdGrp 1-20
2017-12-18 05:38:35,819 INFO o.a.j.e.StandardJMeterEngine: Notifying test listeners of end of test
2017-12-18 05:38:35,820 INFO o.a.j.r.Summariser: summary +    749 in 00:00:02 =  415.6/s Avg:     2 Min:     1 Max:     5 Err:     0 (0.00%) Active: 0 Started: 28 Finished: 28
2017-12-18 05:38:35,820 INFO o.a.j.r.Summariser: summary =  21000 in 00:04:47 =   73.1/s Avg:     2 Min:     1 Max:   151 Err:     0 (0.00%)
